<?xml version="1.0" encoding="UTF-8"?>
<!-- Generated by org.testng.reporters.JUnitXMLReporter -->
<testsuite ignored="1" hostname="Karito-707" failures="0" tests="3" name="Test" time="0.079" errors="0" timestamp="2024-03-23T16:01:59 ICT">
  <testcase classname="edu.poly.test.WellcomeTest" name="test1" time="0.016"/>
  <testcase classname="edu.poly.test.WellcomeTest" name="test2" time="0.001"/>
  <testcase classname="edu.poly.test.WellcomeTest" name="test4" time="0.003"/>
  <testcase classname="edu.poly.test.WellcomeTest" name="test3" time="0.0">
    <ignored/>
  </testcase> <!-- test3 -->
</testsuite> <!-- Test -->
